<?xml version="1.0" encoding="UTF-8"?>
<testsuite xmlns:xsi="http://www.w3.org/2001/XMLSchema-instance" xsi:schemaLocation="https://maven.apache.org/surefire/maven-surefire-plugin/xsd/surefire-test-report.xsd" name="ru.softwareTesting.AppTest" time="0.674" tests="16" errors="0" skipped="0" failures="0">
  <properties>
[...]
</properties>
  <testcase name="testSoftAssert" classname="ru.softwareTesting.AppTest" time="0.394"/>
  <testcase name="assumeTest" classname="ru.softwareTesting.AppTest" time="0.01"/>
  <testcase name="negativeCreateDoubleFileTest[0: adminFile, adminFile]" classname="ru.softwareTesting.AppTest" time="0.062"/>
  <testcase name="negativeCreateDoubleFileTest[1: userFile, userFile]" classname="ru.softwareTesting.AppTest" time="0.002"/>
  <testcase name="negativeCreateDoubleFileTest[2: guestFile, guestFile]" classname="ru.softwareTesting.AppTest" time="0.002"/>
  <testcase name="createFileTest[0: user1777507796, password1255682861]" classname="ru.softwareTesting.AppTest" time="0.004"/>
  <testcase name="createFileTest[1: user1306218233, password1052230072]" classname="ru.softwareTesting.AppTest" time="0.006"/>
  <testcase name="createFileTest[2: user-1498644718, password-291233178]" classname="ru.softwareTesting.AppTest" time="0"/>
  <testcase name="createFileTest[3: user951153080, password-1734670901]" classname="ru.softwareTesting.AppTest" time="0.008"/>
  <testcase name="createFileTest[4: user2110576572, password2125007309]" classname="ru.softwareTesting.AppTest" time="0.001"/>
  <testcase name="createFileTest[5: user-2105861790, password-62930550]" classname="ru.softwareTesting.AppTest" time="0.001"/>
  <testcase name="createFileTest[6: user-583556689, password-208226372]" classname="ru.softwareTesting.AppTest" time="0.001"/>
  <testcase name="createFileTest[7: user-1741894619, password85661915]" classname="ru.softwareTesting.AppTest" time="0.001"/>
  <testcase name="createFileTest[8: user313651181, password7419977]" classname="ru.softwareTesting.AppTest" time="0.002"/>
  <testcase name="createFileTest[9: user-1738848234, password940591821]" classname="ru.softwareTesting.AppTest" time="0.001"/>
  <testcase name="deleteFileTest" classname="ru.softwareTesting.AppTest" time="0"/>
</testsuite>